MPASM  5.42  /HOME/STEVEN/DROPBOX/CURRENT/ELE   3-12-2012  21:46:29         PAGE  1


LOC  OBJECT CODE     LINE SOURCE TEXT
  VALUE

                      00001         radix DEC
                      00002         LIST      P=18F4520     ; change also: Configure->Select Device from MPLAB
                      00003 ;       For 2455, 2550, 4455, and 4550: 4 MHz quartz / 1 * 24 / 4 = 24 MHz
  01194000            00004 xtal EQU 18432000               ; you may want to change: _XT_OSC_1H  _HS_OSC_1H  _HSPLL_OSC_1H
  0001C200            00005 baud EQU 115200                 ; standard TinyBld baud rates: 115200 or 19200
                      00006         ; The above 3 lines can be changed and built a bootloader for the desired frequency (and PIC typ
                            e)
                      00007         
                      00008         ;********************************************************************
                      00009         ;       Tiny Bootloader         18F series              Size=100words
                      00010         ;       claudiu.chiculita@ugal.ro
                      00011         ;       http://www.etc.ugal.ro/cchiculita/software/picbootloader.htm
                      00012         ;       Modified by Nam Nguyen-Quang for testing different PIC18Fs with tinybldWin.exe v1.9
                      00013         ;       namqn@yahoo.com
                      00014         ;********************************************************************
                      00015 
                      00016 ;       This source file is for PIC18F2420, 2520, 4420, 4520, 2455, 2550, 4455, and 4550
                      00017 
                      00018 ;       Copy these include files to your project directory (i.e. they are in the same
                      00019 ;       directory with your .asm source file), if necessary
                      00020 
                      00021         #include "icdpictypes.inc"      ; Takes care of: #include "p18fxxx.inc",  max_flash, IdTypePIC
                      00001 ;IdTypePIC
                      00002 ;bits      7   6   5   4   3  2  1  0
                      00003 ;meaning:   type16/18/ds |  model_nr
                      00004 ;
                      00005 ;
                      00006 ;If you want to work with another model that is not on the list
                      00007 ;find one model that is similar to yours and has THE SAME amount
                      00008 ;of flash and replace its "IFDEF __XXXXXX" and 
                      00009 ;"#include "ZZZZZZZZZ.inc"", but the ID must remain.
                      00010 ;Each IdTypePIC has one corespondent in the PC application,
                      00011 ;if you add new ones they will not be recognized.
                      00012 
  00000000            00013 IdTypePIC SET 0
                      00014 
                      00015         IFDEF __16F876A
                      00016                 #include "p16f876a.inc"
                      00017 IdTypePIC = 0x31                
                      00018                 #define max_flash 0x2000
                      00019         ENDIF
                      00020         IFDEF __16F877A
                      00021                 #include "p16f877a.inc"
                      00022 IdTypePIC = 0x31                
                      00023                 #define max_flash 0x2000
                      00024         ENDIF
                      00025 
                      00026         IFDEF __16F873A
                      00027                 #include "p16f873a.inc"
                      00028 IdTypePIC = 0x32                
                      00029                 #define max_flash 0x1000
                      00030         ENDIF
                      00031         IFDEF __16F874A
MPASM  5.42  /HOME/STEVEN/DROPBOX/CURRENT/ELE   3-12-2012  21:46:29         PAGE  2


LOC  OBJECT CODE     LINE SOURCE TEXT
  VALUE

                      00032                 #include "p16f874a.inc"
                      00033 IdTypePIC = 0x32                
                      00034                 #define max_flash 0x1000
                      00035         ENDIF
                      00036 
                      00037         IFDEF __16F87
                      00038                 #include "p16f87.inc"
                      00039 IdTypePIC = 0x33                
                      00040                 #define max_flash 0x1000
                      00041         ENDIF
                      00042         IFDEF __16F88
                      00043                 #include "p16f88.inc"
                      00044 IdTypePIC = 0x33                
                      00045                 #define max_flash 0x1000
                      00046         ENDIF
                      00047 
                      00048         IFDEF __16F886
                      00049                 #include "p16f886.inc"
                      00050 IdTypePIC = 0x36
                      00051                 #define max_flash 0x2000
                      00052         ENDIF
                      00053         
                      00054         IFDEF __16F887
                      00055                 #include "p16f887.inc"
                      00056 IdTypePIC = 0x36                
                      00057                 #define max_flash 0x2000
                      00058         ENDIF
                      00059 
                      00060 
                      00061 ;---------- 18F -------------
                      00062 
                      00063         ; 28/40pin
                      00064         IFDEF __18F252
                      00065                 #include "p18f252.inc"
                      00066 IdTypePIC = 0x41
                      00067                 #define max_flash 0x8000
                      00068         ENDIF
                      00069         IFDEF __18F452
                      00070                 #include "p18f452.inc"
                      00071 IdTypePIC = 0x41
                      00072                 #define max_flash 0x8000
                      00073         ENDIF
                      00074         IFDEF __18F242
                      00075                 #include "p18f242.inc"
                      00076 IdTypePIC = 0x42
                      00077                 #define max_flash 0x4000
                      00078         ENDIF
                      00079         IFDEF __18F442
                      00080                 #include "p18f442.inc"
                      00081 IdTypePIC = 0x42
                      00082                 #define max_flash 0x4000
                      00083         ENDIF
                      00084 
MPASM  5.42  /HOME/STEVEN/DROPBOX/CURRENT/ELE   3-12-2012  21:46:29         PAGE  3


LOC  OBJECT CODE     LINE SOURCE TEXT
  VALUE

                      00085 
                      00086 
                      00087         IFDEF __18F2520
                      00088                 #include "p18f2520.inc"
                      00089 IdTypePIC = 0x41
                      00090                 #define max_flash 0x8000
                      00091         ENDIF
                      00092         IFDEF __18F4520
                      00093                 #include "P18F4520.INC"
                      00001         LIST
                      00002 
                      00003 ;==========================================================================
                      00004 ;  MPASM PIC18F4520 processor include
                      00005 ; 
                      00006 ;  (c) Copyright 1999-2011 Microchip Technology, All rights reserved
                      00007 ;==========================================================================
                      00008 
                      01485         LIST
  00000041            00094 IdTypePIC = 0x41
                      00095                 #define max_flash 0x8000
                      00096         ENDIF
                      00097         IFDEF __18F2420
                      00098                 #include "p18f2420.inc"
                      00099 IdTypePIC = 0x42
                      00100                 #define max_flash 0x4000
                      00101         ENDIF
                      00102         IFDEF __18F4420
                      00103                 #include "p18f4420.inc"
                      00104 IdTypePIC = 0x42
                      00105                 #define max_flash 0x4000
                      00106         ENDIF
                      00107         IFDEF __18F4431
                      00108                 #include "p18f4431.inc"
                      00109 IdTypePIC = 0x42
                      00110                 #define max_flash 0x4000
                      00111         ENDIF
                      00112 
                      00113         ; 28/40pin  can2.0
                      00114         IFDEF __18F258
                      00115                 #include <p18f258.inc>
                      00116 IdTypePIC = 0x43
                      00117                 #define max_flash 0x8000
                      00118         ENDIF
                      00119         IFDEF __18F2580
                      00120                 #include <p18f2580.inc>
                      00121 IdTypePIC = 0x43
                      00122                 #define max_flash 0x8000
                      00123         ENDIF
                      00124         IFDEF __18F458
                      00125                 #include <p18f458.inc>
                      00126 IdTypePIC = 0x43
                      00127                 #define max_flash 0x8000
                      00128         ENDIF
MPASM  5.42  /HOME/STEVEN/DROPBOX/CURRENT/ELE   3-12-2012  21:46:29         PAGE  4


LOC  OBJECT CODE     LINE SOURCE TEXT
  VALUE

                      00129         IFDEF __18F4580
                      00130                 #include <p18f4580.inc>
                      00131 IdTypePIC = 0x43
                      00132                 #define max_flash 0x8000
                      00133         ENDIF
                      00134         IFDEF __18F248
                      00135                 #include <p18f248.inc>
                      00136 IdTypePIC = 0x44
                      00137                 #define max_flash 0x4000
                      00138         ENDIF
                      00139         IFDEF __18F2480
                      00140                 #include <p18f2480.inc>
                      00141 IdTypePIC = 0x44
                      00142                 #define max_flash 0x4000
                      00143         ENDIF
                      00144         IFDEF __18F448
                      00145                 #include <p18f448.inc>
                      00146 IdTypePIC = 0x44
                      00147                 #define max_flash 0x4000
                      00148         ENDIF
                      00149         IFDEF __18F4480
                      00150                 #include <p18f4480.inc>
                      00151 IdTypePIC = 0x44
                      00152                 #define max_flash 0x4000
                      00153         ENDIF
                      00154 
                      00155 
                      00156         ; 18/28pin 6pwm  (some:I2C/SPI)
                      00157         IFDEF __18F1320
                      00158                 #include <p18f1320.inc>
                      00159 IdTypePIC = 0x45
                      00160                 #define max_flash 0x2000
                      00161         ENDIF
                      00162         IFDEF __18F2320
                      00163                 #include <p18f2320.inc>
                      00164 IdTypePIC = 0x45
                      00165                 #define max_flash 0x2000
                      00166         ENDIF
                      00167         IFDEF __18F2331
                      00168                 #include <p18f2331.inc>
                      00169 IdTypePIC = 0x45
                      00170                 #define max_flash 0x2000
                      00171         ENDIF
                      00172         IFDEF __18F1220
                      00173                 #include <p18f1220.inc>
                      00174 IdTypePIC = 0x46
                      00175                 #define max_flash 0x1000
                      00176         ENDIF
                      00177         IFDEF __18F2220
                      00178                 #include <p18f2220.inc>
                      00179 IdTypePIC = 0x46
                      00180                 #define max_flash 0x1000
                      00181         ENDIF
MPASM  5.42  /HOME/STEVEN/DROPBOX/CURRENT/ELE   3-12-2012  21:46:29         PAGE  5


LOC  OBJECT CODE     LINE SOURCE TEXT
  VALUE

                      00182 
                      00183         
                      00184         ; 40pin  6pwm
                      00185         IFDEF __18F4320
                      00186                 #include <p18f4320.inc>
                      00187 IdTypePIC = 0x47
                      00188                 #define max_flash 0x2000
                      00189         ENDIF
                      00190         IFDEF __18F4331
                      00191                 #include <p18f4331.inc>
                      00192 IdTypePIC = 0x47
                      00193                 #define max_flash 0x2000
                      00194         ENDIF
                      00195 
                      00196         IFDEF __18F4220
                      00197                 #include <p18f4220.inc>
                      00198 IdTypePIC = 0x48
                      00199                 #define max_flash 0x1000
                      00200         ENDIF
                      00201         
                      00202         
                      00203         ; 64/80pin TQFP 2usart
                      00204         IFDEF __18F6720
                      00205                 #include <p18f6720.inc>
                      00206 IdTypePIC = 0x4A
                      00207                 #define max_flash 0x20000
                      00208         ENDIF
                      00209         IFDEF __18F8720
                      00210                 #include <p18f8720.inc>
                      00211 IdTypePIC = 0x4A
                      00212                 #define max_flash 0x20000
                      00213         ENDIF
                      00214         IFDEF __18F6620
                      00215                 #include <p18f6620.inc>
                      00216 IdTypePIC = 0x4B
                      00217                 #define max_flash 0x10000
                      00218         ENDIF
                      00219         IFDEF __18F8620
                      00220                 #include <p18f8620.inc>
                      00221 IdTypePIC = 0x4B
                      00222                 #define max_flash 0x10000
                      00223         ENDIF
                      00224         IFDEF __18F6520
                      00225                 #include <p18f6520.inc>
                      00226 IdTypePIC = 0x4C
                      00227                 #define max_flash 0x8000
                      00228         ENDIF
                      00229         IFDEF __18F8520
                      00230                 #include <p18f8520.inc>
                      00231 IdTypePIC = 0x4C
                      00232                 #define max_flash 0x8000
                      00233         ENDIF
                      00234         IFDEF __18F8680
MPASM  5.42  /HOME/STEVEN/DROPBOX/CURRENT/ELE   3-12-2012  21:46:29         PAGE  6


LOC  OBJECT CODE     LINE SOURCE TEXT
  VALUE

                      00235                 #include <p18f8680.inc>
                      00236 IdTypePIC = 0x4D
                      00237                 #define max_flash 0x10000
                      00238         ENDIF
                      00239 
                      00240 
                      00241         ;PIC18F 2525/2620/4525/4620  EA-USART, nanoWatt, intOSC
                      00242 
                      00243         IFDEF __18F2525
                      00244                 #include "p18f2525.inc"
                      00245 IdTypePIC = 0x4E
                      00246                 #define max_flash 0xC000
                      00247         ENDIF
                      00248         IFDEF __18F2585
                      00249                 #include "p18f2585.inc"
                      00250 IdTypePIC = 0x4E
                      00251                 #define max_flash 0xC000
                      00252         ENDIF
                      00253         IFDEF __18F4525
                      00254                 #include "p18f4525.inc"
                      00255 IdTypePIC = 0x4E
                      00256                 #define max_flash 0xC000
                      00257         ENDIF
                      00258         IFDEF __18F4585
                      00259                 #include "p18f4585.inc"
                      00260 IdTypePIC = 0x4E
                      00261                 #define max_flash 0xC000
                      00262         ENDIF
                      00263         IFDEF __18F2620
                      00264                 #include "p18f2620.inc"
                      00265 IdTypePIC = 0x4F
                      00266                 #define max_flash 0x10000
                      00267         ENDIF
                      00268         IFDEF __18F2680
                      00269                 #include "p18f2680.inc"
                      00270 IdTypePIC = 0x4F
                      00271                 #define max_flash 0x10000
                      00272         ENDIF
                      00273         IFDEF __18F4620
                      00274                 #include "p18f4620.inc"
                      00275 IdTypePIC = 0x4F
                      00276                 #define max_flash 0x10000
                      00277         ENDIF
                      00278         IFDEF __18F4680
                      00279                 #include "p18f4680.inc"
                      00280 IdTypePIC = 0x4F
                      00281                 #define max_flash 0x10000
                      00282         ENDIF
                      00283 
                      00284 ;---------------- USB ------------------------------
                      00285 
                      00286         IFDEF __18F2550
                      00287                 #include "p18f2550.inc"
MPASM  5.42  /HOME/STEVEN/DROPBOX/CURRENT/ELE   3-12-2012  21:46:29         PAGE  7


LOC  OBJECT CODE     LINE SOURCE TEXT
  VALUE

                      00288 IdTypePIC = 0x55
                      00289                 #define max_flash 0x8000
                      00290         ENDIF
                      00291         IFDEF __18F4550
                      00292                 #include "p18f4550.inc"
                      00293 IdTypePIC = 0x55
                      00294                 #define max_flash 0x8000
                      00295         ENDIF
                      00296         IFDEF __18F2455
                      00297                 #include "p18f2455.inc"
                      00298 IdTypePIC = 0x56
                      00299                 #define max_flash 0x6000
                      00300         ENDIF
                      00301         IFDEF __18F4455
                      00302                 #include "p18f4455.inc"
                      00303 IdTypePIC = 0x56
                      00304                 #define max_flash 0x6000
                      00305         ENDIF
                      00306         IFDEF __18F4685
                      00307                 #include "p18f4685.inc"
                      00308 IdTypePIC = 0x57
                      00309                 #define max_flash 0x18000
                      00310         ENDIF
                      00311 
                      00312         if IdTypePIC==0
                      00313                 error "Pic not yet implemeted"
                      00314         endif
                      00315 
                      00316 
                      00317 
                      00318     IFDEF __18F2685
                      00319             #include <p18f2685.inc>
                      00320 IdTypePIC = 0x57
                      00321             #define max_flash 0x18000 ; 18000
                      00322     ENDIF       
                      00022         #include "spbrgselect.inc"      ; RoundResult and baud_rate
  00000000            00001 RoundResult SET 0                               ; Rounding function.  RoundResult = Round(aa/bb)
                      00002 Round   macro aa,bb
                      00003         LOCAL rr = aa/bb
                      00004         LOCAL d1 = aa - rr*bb
                      00005         LOCAL d2 = (rr+1)*bb - aa
                      00006 RoundResult = rr
                      00007         if d1 >= d2
                      00008 RoundResult++
                      00009         endif
                      00010         endm
                      00011 
  00000000            00012 AbsResult SET 0
                      00013 Abs             macro nr
                      00014         if nr>=0
                      00015 AbsResult = nr
                      00016         else
                      00017 AbsResult = -nr
MPASM  5.42  /HOME/STEVEN/DROPBOX/CURRENT/ELE   3-12-2012  21:46:29         PAGE  8


LOC  OBJECT CODE     LINE SOURCE TEXT
  VALUE

                      00018         endif
                      00019         endm
                      00020                 
                      00021         Round xtal,(16*baud)
  000A                    M         LOCAL rr = xtal/(16*baud)
  0000                    M         LOCAL d1 = xtal - rr*(16*baud)
  2000                    M         LOCAL d2 = (rr+1)*(16*baud) - xtal
  0000000A                M RoundResult = rr
                          M         if d1 >= d2
                          M RoundResult++
                          M         endif
  00000009            00022 spbrg_value EQU RoundResult-1
                      00023 
                      00024         Round xtal,(16*(spbrg_value+1))
  C200                    M         LOCAL rr = xtal/(16*(spbrg_value+1))
  0000                    M         LOCAL d1 = xtal - rr*(16*(spbrg_value+1))
  00A0                    M         LOCAL d2 = (rr+1)*(16*(spbrg_value+1)) - xtal
  0001C200                M RoundResult = rr
                          M         if d1 >= d2
                          M RoundResult++
                          M         endif
  0001C200            00025 baud_real EQU RoundResult
                      00026         Abs(baud_real-baud)
                          M         if (baud_real-baud)>=0
  00000000                M AbsResult = (baud_real-baud)
                          M         else
                          M AbsResult = -(baud_real-baud)
                          M         endif
  00000000            00027 errpercent EQU AbsResult*100/baud
                      00028         if errpercent > 4
                      00029                 ERROR big error in baudrate: 0%
                      00030         endif
                      00031         if errpercent >= 2
                      00032                 messg baudrate not exact: 0%
                      00033         endif
                      00023 
                      00024                 #define first_address max_flash-200             ;100 words
                      00025 
                      00026 ;       For different PICs, uncomment the appropriate lines of CONFIG directives
                      00027 ;       as indicated, and comment out all the other lines, if necessary
                      00028 ;       For example, the following configuration is for PIC18F4550, with 4 MHz crystal
                      00029 ;       You could find the symbol names for the chip in its include file
                      00030 ;       (in the Microchip\MPASM Suite directory)
                      00031 
                      00032 
                      00033 ;----- CONFIG1L Options -----
                      00034 ;       For 18F2455, 2550, 4455, and 4550
                      00035 ;               CONFIG  PLLDIV = 1, CPUDIV = OSC3_PLL4, USBDIV = 2
                      00036 
                      00037 
                      00038 ;----- CONFIG1H Options -----
                      00039 ;       For 18F2455, 2550, 4455, and 4550
                      00040 ;               CONFIG  FOSC = HSPLL_HS, FCMEM = OFF, IESO = OFF
MPASM  5.42  /HOME/STEVEN/DROPBOX/CURRENT/ELE   3-12-2012  21:46:29         PAGE  9


LOC  OBJECT CODE     LINE SOURCE TEXT
  VALUE

                      00041 
                      00042 ;       For 18F2420, 2520, 4420, and 4520
                      00043                 CONFIG  OSC = HS, FCMEN = OFF, IESO = OFF
                      00044 ;               CONFIG  OSC = INTIO67, FCMEN = OFF, IESO = OFF  ; Use internal oscilator, xtal = 8000000
                      00045 
                      00046 
                      00047 ;----- CONFIG2L Options -----
                      00048 ;       For 18F2455, 2550, 4455, and 4550
                      00049 ;               CONFIG  PWRT = ON, BOR = OFF, BORV = 21, VREGEN = OFF
                      00050 
                      00051 ;       For 18F2420, and 4420
                      00052 ;               CONFIG  PWRT = ON, BOREN = ON, BORV = 27
                      00053 
                      00054 ;       For 18F2520, and 4520
                      00055                 CONFIG  PWRT = ON, BOREN = ON;, BORV = 28
                      00056 
                      00057 
                      00058 ;----- CONFIG2H Options -----
                      00059 ;       For all of the chips associated with this source file
                      00060                 CONFIG  WDT = OFF, WDTPS = 128
                      00061 
                      00062 
                      00063 ;----- CONFIG3H Options -----
                      00064 ;       For 18F2455, 2550, 4455, and 4550
                      00065 ;               CONFIG  MCLRE = ON, LPT1OSC = OFF, PBADEN = OFF, CCP2MX = OFF
                      00066 
                      00067 ;       For 18F2420, and 4420
                      00068 ;               CONFIG  MCLRE = ON, PBADEN = OFF, CCP2MX = PORTC
                      00069 
                      00070 ;       For 18F2520, and 4520
                      00071                 CONFIG  MCLRE = ON, LPT1OSC = OFF, PBADEN = OFF, CCP2MX = PORTC
                      00072 
                      00073 ;----- CONFIG4L Options -----
                      00074 ;       For 18F2455, 2550, 4455, and 4550
                      00075 ;               CONFIG  STVREN = ON, LVP = OFF, ICPRT = OFF, DEBUG = OFF, XINST = OFF
                      00076 
                      00077 ;       For 18F2420, and 4420
                      00078 ;               CONFIG  STVREN = ON, LVP = OFF, ENHCPU = OFF, DEBUG = OFF
                      00079 
                      00080 ;       For 18F2520, and 4520
                      00081                 CONFIG  STVREN = ON, LVP = OFF, DEBUG = OFF, XINST = OFF
                      00082 
                      00083 ;----------------------------- PROGRAM ---------------------------------
                      00084         cblock 0
  00000000            00085         crc
  00000001            00086         i
  00000002            00087         cnt1
  00000003            00088         cnt2
  00000004            00089         cnt3
  00000005            00090         counter_hi
  00000006            00091         counter_lo
  00000007            00092         flag
                      00093         endc
MPASM  5.42  /HOME/STEVEN/DROPBOX/CURRENT/ELE   3-12-2012  21:46:29         PAGE 10


LOC  OBJECT CODE     LINE SOURCE TEXT
  VALUE

                      00094         cblock 10
  0000000A            00095         buffer:64
  0000004A            00096         dummy4crc
                      00097         endc
                      00098         
                      00099 SendL macro car
                      00100         movlw car
                      00101         movwf TXREG
                      00102         endm
                      00103         
                      00104 ;0000000000000000000000000 RESET 00000000000000000000000000
                      00105 
                      00106                 ORG     0x0000
000000 EF?? F???      00107                 GOTO    IntrareBootloader
                      00108 
                      00109 ;view with TabSize=4
                      00110 ;&&&&&&&&&&&&&&&&&&&&&&&   START     &&&&&&&&&&&&&&&&&&&&&&
                      00111 ;----------------------  Bootloader  ----------------------
                      00112 ;PC_flash:              C1h                             U               H               L               
                            x  ...  <64 bytes>   ...  crc   
                      00113 ;PC_eeprom:             C1h                             40h   EEADR   EEDATA    0               crc     
                                                            
                      00114 ;PC_cfg                 C1h                     U OR 80h        H               L               1       
                                    byte    crc
                      00115 ;PIC_response:     type `K`
                      00116         
                      00117         ORG first_address               ;space to deposit first 4 instr. of user prog.
007F38 0000           00118         nop
007F3A 0000           00119         nop
007F3C 0000           00120         nop
007F3E 0000           00121         nop
                      00122         org first_address+8
007F40                00123 IntrareBootloader
                      00124                                                         ;init IntOSC, added by Nam Nguyen-Quang
007F40 0E70           00125         movlw 0x70
007F42 6ED3           00126         movwf OSCCON
                      00127         ; the above 2 lines should be commented out for designs not using the internal oscilator
                      00128         ; or for the chips without the internal oscilator
                      00129                                                         ;init serial port
007F44 0E24           00130         movlw b'00100100'
007F46 6EAC           00131         movwf TXSTA
007F48 0E09           00132         movlw spbrg_value
007F4A 6EAF           00133         movwf SPBRG
007F4C 0E90           00134         movlw b'10010000'
007F4E 6EAB           00135         movwf RCSTA
                      00136                                                         ;wait for computer
007F50 D???           00137         rcall Receive                   
007F52 08C1           00138         sublw 0xC1                              ;Expect C1h
007F54 E1??           00139         bnz way_to_exit
                      00140         SendL IdTypePIC                 ;send PIC type
007F56 0E41               M         movlw IdTypePIC
007F58 6EAD               M         movwf TXREG
007F5A                00141 MainLoop
MPASM  5.42  /HOME/STEVEN/DROPBOX/CURRENT/ELE   3-12-2012  21:46:29         PAGE 11


LOC  OBJECT CODE     LINE SOURCE TEXT
  VALUE

                      00142         SendL 'K'                               ; "-Everything OK, ready and waiting."
007F5A 0E4B               M         movlw 'K'
007F5C 6EAD               M         movwf TXREG
007F5E                00143 mainl
007F5E 6A00           00144         clrf crc
007F60 D???           00145         rcall Receive                   ;Upper
007F62 6EF8           00146         movwf TBLPTRU
007F64 6E07           00147                 movwf flag                      ;(for EEPROM and CFG cases)
007F66 D???           00148         rcall Receive                   ;Hi
007F68 6EF7           00149         movwf TBLPTRH
007F6A 6EA9           00150                 movwf EEADR                     ;(for EEPROM case)
007F6C D???           00151         rcall Receive                   ;Lo
007F6E 6EF6           00152         movwf TBLPTRL
007F70 6EA8           00153                 movwf EEDATA            ;(for EEPROM case)
                      00154 
007F72 D???           00155         rcall Receive                   ;count
007F74 6E01           00156         movwf i
007F76 2A01           00157         incf i
007F78 EE00 F009      00158         lfsr FSR0, (buffer-1)
007F7C                00159 rcvoct                                          ;read 64+1 bytes
007F7C 6EF5           00160                 movwf TABLAT            ;prepare for cfg; => store byte before crc
007F7E D???           00161         rcall Receive
007F80 6EEC           00162         movwf PREINC0
007F82 2E01           00163         decfsz i
007F84 D???           00164         bra rcvoct
                      00165         
007F86 6600           00166         tstfsz crc                              ;check crc
007F88 D???           00167         bra ziieroare
007F8A AC07           00168                 btfss flag,6            ;is EEPROM data?
007F8C D???           00169                 bra noeeprom
007F8E 0E04           00170                 movlw b'00000100'       ;Setup eeprom
007F90 D???           00171                 rcall Write
007F92 D???           00172                 bra waitwre
007F94                00173 noeeprom
007F94 AE07           00174                 btfss flag,7            ;is CFG data?
007F96 D???           00175                 bra noconfig
007F98 000C           00176                 tblwt*                          ;write TABLAT(byte before crc) to TBLPTR***
007F9A 0EC4           00177                 movlw b'11000100'       ;Setup cfg
007F9C D???           00178                 rcall Write
007F9E D???           00179                 bra waitwre
007FA0                00180 noconfig
                      00181                                                         ;write
007FA0                00182 eraseloop
007FA0 0E94           00183         movlw   b'10010100'             ; Setup erase
007FA2 D???           00184         rcall Write
007FA4 000A           00185         TBLRD*-                                 ; point to adr-1
                      00186         
007FA6                00187 writebigloop    
007FA6 0E02           00188         movlw 2                                 ; 2groups
007FA8 6E05           00189         movwf counter_hi
007FAA EE00 F00A      00190         lfsr FSR0,buffer
007FAE                00191 writesloop
007FAE 0E20           00192         movlw 32                                ; 32bytes = 16instr
MPASM  5.42  /HOME/STEVEN/DROPBOX/CURRENT/ELE   3-12-2012  21:46:29         PAGE 12


LOC  OBJECT CODE     LINE SOURCE TEXT
  VALUE

007FB0 6E06           00193         movwf counter_lo
007FB2                00194 writebyte
007FB2 50EE           00195         movf POSTINC0,w                 ; put 1 byte
007FB4 6EF5           00196         movwf TABLAT
007FB6 000F           00197         tblwt+*
007FB8 2E06           00198         decfsz counter_lo
007FBA D???           00199         bra writebyte
                      00200         
007FBC 0E84           00201         movlw   b'10000100'             ; Setup writes
007FBE D???           00202         rcall Write
007FC0 2E05           00203         decfsz counter_hi
007FC2 D???           00204         bra writesloop
007FC4                00205 waitwre 
                      00206         ;btfsc EECON1,WR                ;for eeprom writes (wait to finish write)
                      00207         ;bra waitwre                    ;no need: round trip time with PC bigger than 4ms
                      00208         
007FC4 94A6           00209         bcf EECON1,WREN                 ;disable writes
007FC6 D???           00210         bra MainLoop
                      00211         
007FC8                00212 ziieroare                                       ;CRC failed
                      00213         SendL 'N'
007FC8 0E4E               M         movlw 'N'
007FCA 6EAD               M         movwf TXREG
007FCC D???           00214         bra mainl
                      00215           
                      00216 ;******** procedures ******************
                      00217 
007FCE                00218 Write
007FCE 6EA6           00219         movwf EECON1
007FD0 0E55           00220         movlw 0x55
007FD2 6EA7           00221         movwf EECON2
007FD4 0EAA           00222         movlw 0xAA
007FD6 6EA7           00223         movwf EECON2
007FD8 82A6           00224         bsf EECON1,WR                   ;WRITE
007FDA 0000           00225         nop
                      00226         ;nop
007FDC 0012           00227         return
                      00228 
                      00229 
007FDE                00230 Receive
007FDE 0E0A           00231         movlw xtal/2000000+1    ; for 20MHz => 11 => 1second delay
                      00232                                                         ; for 18F2xxx chips, this should be xtal/1000000
                            +1
007FE0 6E02           00233         movwf cnt1
007FE2                00234 rpt2                                            
007FE2 6A03           00235         clrf cnt2
007FE4                00236 rpt3
007FE4 6A04           00237         clrf cnt3
007FE6                00238 rptc
007FE6 AA9E           00239                 btfss PIR1,RCIF                 ;test RX
007FE8 D???           00240                 bra notrcv
007FEA 50AE           00241             movf RCREG,w                        ;return read data in W
007FEC 2600           00242             addwf crc,f                         ;compute crc
MPASM  5.42  /HOME/STEVEN/DROPBOX/CURRENT/ELE   3-12-2012  21:46:29         PAGE 13


LOC  OBJECT CODE     LINE SOURCE TEXT
  VALUE

007FEE 0012           00243                 return
007FF0                00244 notrcv
007FF0 2E04           00245         decfsz cnt3
007FF2 D???           00246         bra rptc
007FF4 2E03           00247         decfsz cnt2
007FF6 D???           00248         bra rpt3
007FF8 2E02           00249         decfsz cnt1
007FFA D???           00250         bra rpt2
                      00251         ;timeout:
007FFC                00252 way_to_exit
007FFC 9EAB           00253         bcf     RCSTA,  SPEN                    ; deactivate UART
007FFE D79C           00254         bra first_address
                      00255 ;*************************************************************
                      00256 ; After reset
                      00257 ; Do not expect the memory to be zero,
                      00258 ; Do not expect registers to be initialised like in catalog.
                      00259 
                      00260             END
MPASM  5.42  /HOME/STEVEN/DROPBOX/CURRENT/ELE   3-12-2012  21:46:29         PAGE 14


SYMBOL TABLE
  LABEL                             VALUE 

A                                 00000000
ABDEN                             00000000
ABDOVF                            00000007
ACCESS                            00000000
ACKDT                             00000005
ACKEN                             00000004
ACKSTAT                           00000006
ACQT0                             00000003
ACQT1                             00000004
ACQT2                             00000005
ADCON0                            00000FC2
ADCON1                            00000FC1
ADCON2                            00000FC0
ADCS0                             00000000
ADCS1                             00000001
ADCS2                             00000002
ADDEN                             00000003
ADEN                              00000003
ADFM                              00000007
ADIE                              00000006
ADIF                              00000006
ADIP                              00000006
ADMSK1                            00000001
ADMSK2                            00000002
ADMSK3                            00000003
ADMSK4                            00000004
ADMSK5                            00000005
ADON                              00000000
ADRES                             00000FC3
ADRESH                            00000FC4
ADRESL                            00000FC3
AN0                               00000000
AN1                               00000001
AN10                              00000001
AN11                              00000004
AN12                              00000000
AN2                               00000002
AN3                               00000003
AN4                               00000005
AN5                               00000000
AN6                               00000001
AN7                               00000002
AN8                               00000002
AN9                               00000003
Abs                               
AbsResult                         00000000
BANKED                            00000001
BAUDCON                           00000FB8
BAUDCTL                           00000FB8
BCLIE                             00000003
BCLIF                             00000003
BCLIP                             00000003
BF                                00000000
MPASM  5.42  /HOME/STEVEN/DROPBOX/CURRENT/ELE   3-12-2012  21:46:29         PAGE 15


SYMBOL TABLE
  LABEL                             VALUE 

BGST                              00000005
BOR                               00000000
BRG16                             00000003
BRGH                              00000002
BSR                               00000FE0
C                                 00000000
C1INV                             00000004
C1OUT_CMCON                       00000006
C1OUT_PORTA                       00000004
C2INV                             00000005
C2OUT_CMCON                       00000007
C2OUT_PORTA                       00000005
CCP1                              00000002
CCP1CON                           00000FBD
CCP1IE                            00000002
CCP1IF                            00000002
CCP1IP                            00000002
CCP1M0                            00000000
CCP1M1                            00000001
CCP1M2                            00000002
CCP1M3                            00000003
CCP1X                             00000005
CCP1Y                             00000004
CCP2CON                           00000FBA
CCP2IE                            00000000
CCP2IF                            00000000
CCP2IP                            00000000
CCP2M0                            00000000
CCP2M1                            00000001
CCP2M2                            00000002
CCP2M3                            00000003
CCP2X                             00000005
CCP2Y                             00000004
CCP2_PORTB                        00000003
CCP2_PORTC                        00000001
CCPR1                             00000FBE
CCPR1H                            00000FBF
CCPR1L                            00000FBE
CCPR2                             00000FBB
CCPR2H                            00000FBC
CCPR2L                            00000FBB
CFGS                              00000006
CHS0                              00000002
CHS1                              00000003
CHS2                              00000004
CHS3                              00000005
CIS                               00000003
CK                                00000006
CKE                               00000006
CKP                               00000004
CLKI                              00000007
CLKO                              00000006
CM0                               00000000
MPASM  5.42  /HOME/STEVEN/DROPBOX/CURRENT/ELE   3-12-2012  21:46:29         PAGE 16


SYMBOL TABLE
  LABEL                             VALUE 

CM1                               00000001
CM2                               00000002
CMCON                             00000FB4
CMIE                              00000006
CMIF                              00000006
CMIP                              00000006
CREN                              00000004
CS                                00000002
CSRC                              00000007
CVR0                              00000000
CVR1                              00000001
CVR2                              00000002
CVR3                              00000003
CVRCON                            00000FB5
CVREF                             00000002
CVREN                             00000007
CVROE                             00000006
CVRR                              00000005
CVRSS                             00000004
D                                 00000005
DC                                00000001
DC1B0                             00000004
DC1B1                             00000005
DC2B0                             00000004
DC2B1                             00000005
DDRA                              TRISA
DDRB                              TRISB
DDRC                              TRISC
DDRD                              TRISD
DDRE                              TRISE
DONE                              00000001
D_A                               00000005
D_NOT_A                           00000005
ECCP1AS                           00000FB6
ECCP1DEL                          00000FB7
ECCPAS                            00000FB6
ECCPAS0                           00000004
ECCPAS1                           00000005
ECCPAS2                           00000006
ECCPASE                           00000007
EEADR                             00000FA9
EECON1                            00000FA6
EECON2                            00000FA7
EEDATA                            00000FA8
EEIE                              00000004
EEIF                              00000004
EEIP                              00000004
EEPGD                             00000007
FAST                              00000001
FERR                              00000002
FLT0                              00000000
FLTS                              00000002
FREE                              00000004
MPASM  5.42  /HOME/STEVEN/DROPBOX/CURRENT/ELE   3-12-2012  21:46:29         PAGE 17


SYMBOL TABLE
  LABEL                             VALUE 

FSR0                              00000000
FSR0H                             00000FEA
FSR0L                             00000FE9
FSR1                              00000001
FSR1H                             00000FE2
FSR1L                             00000FE1
FSR2                              00000002
FSR2H                             00000FDA
FSR2L                             00000FD9
GCEN                              00000007
GIE                               00000007
GIEH                              00000007
GIEL                              00000006
GIE_GIEH                          00000007
GO                                00000001
GO_DONE                           00000001
GO_NOT_DONE                       00000001
HLVDCON                           00000FD2
HLVDEN                            00000004
HLVDIE                            00000002
HLVDIF                            00000002
HLVDIN                            00000005
HLVDIP                            00000002
HLVDL0                            00000000
HLVDL1                            00000001
HLVDL2                            00000002
HLVDL3                            00000003
IBF                               00000007
IBOV                              00000005
IDLEN                             00000007
INDF0                             00000FEF
INDF1                             00000FE7
INDF2                             00000FDF
INT0                              00000000
INT0E                             00000004
INT0F                             00000001
INT0IE                            00000004
INT0IF                            00000001
INT1                              00000001
INT1E                             00000003
INT1F                             00000000
INT1IE                            00000003
INT1IF                            00000000
INT1IP                            00000006
INT1P                             00000006
INT2                              00000002
INT2E                             00000004
INT2F                             00000001
INT2IE                            00000004
INT2IF                            00000001
INT2IP                            00000007
INT2P                             00000007
INTCON                            00000FF2
MPASM  5.42  /HOME/STEVEN/DROPBOX/CURRENT/ELE   3-12-2012  21:46:29         PAGE 18


SYMBOL TABLE
  LABEL                             VALUE 

INTCON2                           00000FF1
INTCON3                           00000FF0
INTEDG0                           00000006
INTEDG1                           00000005
INTEDG2                           00000004
INTSRC                            00000007
IOFS                              00000002
IPEN                              00000007
IPR1                              00000F9F
IPR2                              00000FA2
IRCF0                             00000004
IRCF1                             00000005
IRCF2                             00000006
IRVST                             00000005
IVRST                             00000005
IdTypePIC                         00000041
IntrareBootloader                 00007F40
KBI0                              00000004
KBI1                              00000005
KBI2                              00000006
KBI3                              00000007
LATA                              00000F89
LATA0                             00000000
LATA1                             00000001
LATA2                             00000002
LATA3                             00000003
LATA4                             00000004
LATA5                             00000005
LATA6                             00000006
LATA7                             00000007
LATB                              00000F8A
LATB0                             00000000
LATB1                             00000001
LATB2                             00000002
LATB3                             00000003
LATB4                             00000004
LATB5                             00000005
LATB6                             00000006
LATB7                             00000007
LATC                              00000F8B
LATC0                             00000000
LATC1                             00000001
LATC2                             00000002
LATC3                             00000003
LATC4                             00000004
LATC5                             00000005
LATC6                             00000006
LATC7                             00000007
LATD                              00000F8C
LATD0                             00000000
LATD1                             00000001
LATD2                             00000002
LATD3                             00000003
MPASM  5.42  /HOME/STEVEN/DROPBOX/CURRENT/ELE   3-12-2012  21:46:29         PAGE 19


SYMBOL TABLE
  LABEL                             VALUE 

LATD4                             00000004
LATD5                             00000005
LATD6                             00000006
LATD7                             00000007
LATE                              00000F8D
LATE0                             00000000
LATE1                             00000001
LATE2                             00000002
LVDCON                            00000FD2
LVDEN                             00000004
LVDIE                             00000002
LVDIF                             00000002
LVDIN                             00000005
LVDIP                             00000002
LVDL0                             00000000
LVDL1                             00000001
LVDL2                             00000002
LVDL3                             00000003
LVV0                              00000000
LVV1                              00000001
LVV2                              00000002
LVV3                              00000003
MCLR                              00000003
MainLoop                          00007F5A
N                                 00000004
NOT_A                             00000005
NOT_ADDRESS                       00000005
NOT_BOR                           00000000
NOT_CS                            00000002
NOT_DONE                          00000001
NOT_MCLR                          00000003
NOT_PD                            00000002
NOT_POR                           00000001
NOT_RBPU                          00000007
NOT_RD                            00000000
NOT_RI                            00000004
NOT_SS                            00000005
NOT_T1SYNC                        00000002
NOT_T3SYNC                        00000002
NOT_TO                            00000003
NOT_W                             00000002
NOT_WR                            00000001
NOT_WRITE                         00000002
OBF                               00000006
OERR                              00000001
OSC1                              00000007
OSC2                              00000006
OSCCON                            00000FD3
OSCFIE                            00000007
OSCFIF                            00000007
OSCFIP                            00000007
OSCTUNE                           00000F9B
OSTS                              00000003
MPASM  5.42  /HOME/STEVEN/DROPBOX/CURRENT/ELE   3-12-2012  21:46:29         PAGE 20


SYMBOL TABLE
  LABEL                             VALUE 

OV                                00000003
P                                 00000004
P1A                               00000002
P1B                               00000005
P1C                               00000006
P1D                               00000007
P1M0                              00000006
P1M1                              00000007
PC                                00000FF9
PCFG0                             00000000
PCFG1                             00000001
PCFG2                             00000002
PCFG3                             00000003
PCL                               00000FF9
PCLATH                            00000FFA
PCLATU                            00000FFB
PD                                00000002
PDC0                              00000000
PDC1                              00000001
PDC2                              00000002
PDC3                              00000003
PDC4                              00000004
PDC5                              00000005
PDC6                              00000006
PEIE                              00000006
PEIE_GIEL                         00000006
PEN                               00000002
PGC                               00000006
PGD                               00000007
PGM                               00000005
PIE1                              00000F9D
PIE2                              00000FA0
PIR1                              00000F9E
PIR2                              00000FA1
PLLEN                             00000006
PLUSW0                            00000FEB
PLUSW1                            00000FE3
PLUSW2                            00000FDB
POR                               00000001
PORTA                             00000F80
PORTB                             00000F81
PORTC                             00000F82
PORTD                             00000F83
PORTE                             00000F84
POSTDEC0                          00000FED
POSTDEC1                          00000FE5
POSTDEC2                          00000FDD
POSTINC0                          00000FEE
POSTINC1                          00000FE6
POSTINC2                          00000FDE
PR2                               00000FCB
PREINC0                           00000FEC
PREINC1                           00000FE4
MPASM  5.42  /HOME/STEVEN/DROPBOX/CURRENT/ELE   3-12-2012  21:46:29         PAGE 21


SYMBOL TABLE
  LABEL                             VALUE 

PREINC2                           00000FDC
PROD                              00000FF3
PRODH                             00000FF4
PRODL                             00000FF3
PRSEN                             00000007
PSA                               00000003
PSP0                              00000000
PSP1                              00000001
PSP2                              00000002
PSP3                              00000003
PSP4                              00000004
PSP5                              00000005
PSP6                              00000006
PSP7                              00000007
PSPIE                             00000007
PSPIF                             00000007
PSPIP                             00000007
PSPMODE                           00000004
PSSAC0                            00000002
PSSAC1                            00000003
PSSBD0                            00000000
PSSBD1                            00000001
PWM1CON                           00000FB7
R                                 00000002
RA0                               00000000
RA1                               00000001
RA2                               00000002
RA3                               00000003
RA4                               00000004
RA5                               00000005
RA6                               00000006
RA7                               00000007
RB0                               00000000
RB1                               00000001
RB2                               00000002
RB3                               00000003
RB4                               00000004
RB5                               00000005
RB6                               00000006
RB7                               00000007
RBIE                              00000003
RBIF                              00000000
RBIP                              00000000
RBPU                              00000007
RC0                               00000000
RC1                               00000001
RC2                               00000002
RC3                               00000003
RC4                               00000004
RC5                               00000005
RC6                               00000006
RC7                               00000007
RCEN                              00000003
MPASM  5.42  /HOME/STEVEN/DROPBOX/CURRENT/ELE   3-12-2012  21:46:29         PAGE 22


SYMBOL TABLE
  LABEL                             VALUE 

RCIDL                             00000006
RCIE                              00000005
RCIF                              00000005
RCIP                              00000005
RCMT                              00000006
RCON                              00000FD0
RCREG                             00000FAE
RCSTA                             00000FAB
RD                                00000000
RD0                               00000000
RD1                               00000001
RD16                              00000007
RD2                               00000002
RD3                               00000003
RD4                               00000004
RD5                               00000005
RD6                               00000006
RD7                               00000007
RE0                               00000000
RE1                               00000001
RE2                               00000002
RE3                               00000003
RI                                00000004
RSEN                              00000001
RX                                00000007
RX9                               00000006
RX9D                              00000000
RXDTP                             00000005
R_NOT_W                           00000002
R_W                               00000002
Receive                           00007FDE
Round                             
RoundResult                       0001C200
S                                 00000003
SBOREN                            00000006
SCK                               00000003
SCKP                              00000004
SCL                               00000003
SCS0                              00000000
SCS1                              00000001
SDA                               00000004
SDI                               00000004
SDO                               00000005
SEN                               00000000
SENDB                             00000003
SMP                               00000007
SP0                               00000000
SP1                               00000001
SP2                               00000002
SP3                               00000003
SP4                               00000004
SPBRG                             00000FAF
SPBRGH                            00000FB0
MPASM  5.42  /HOME/STEVEN/DROPBOX/CURRENT/ELE   3-12-2012  21:46:29         PAGE 23


SYMBOL TABLE
  LABEL                             VALUE 

SPEN                              00000007
SREN                              00000005
SS                                00000005
SSPADD                            00000FC8
SSPBUF                            00000FC9
SSPCON1                           00000FC6
SSPCON2                           00000FC5
SSPEN                             00000005
SSPIE                             00000003
SSPIF                             00000003
SSPIP                             00000003
SSPM0                             00000000
SSPM1                             00000001
SSPM2                             00000002
SSPM3                             00000003
SSPOV                             00000006
SSPSTAT                           00000FC7
STATUS                            00000FD8
STKFUL                            00000007
STKOVF                            00000007
STKPTR                            00000FFC
STKUNF                            00000006
SWDTE                             00000000
SWDTEN                            00000000
SYNC                              00000004
SendL                             
T016BIT                           00000006
T08BIT                            00000006
T0CKI                             00000004
T0CON                             00000FD5
T0CS                              00000005
T0IE                              00000005
T0IF                              00000002
T0PS0                             00000000
T0PS1                             00000001
T0PS2                             00000002
T0PS3                             00000003
T0SE                              00000004
T13CKI                            00000000
T1CKI                             00000000
T1CKPS0                           00000004
T1CKPS1                           00000005
T1CON                             00000FCD
T1OSCEN                           00000003
T1OSI                             00000001
T1OSO                             00000000
T1RUN                             00000006
T1SYNC                            00000002
T2CKPS0                           00000000
T2CKPS1                           00000001
T2CON                             00000FCA
T2OUTPS0                          00000003
T2OUTPS1                          00000004
MPASM  5.42  /HOME/STEVEN/DROPBOX/CURRENT/ELE   3-12-2012  21:46:29         PAGE 24


SYMBOL TABLE
  LABEL                             VALUE 

T2OUTPS2                          00000005
T2OUTPS3                          00000006
T3CCP1                            00000003
T3CCP2                            00000006
T3CKPS0                           00000004
T3CKPS1                           00000005
T3CON                             00000FB1
T3SYNC                            00000002
TABLAT                            00000FF5
TBLPTR                            00000FF6
TBLPTRH                           00000FF7
TBLPTRL                           00000FF6
TBLPTRU                           00000FF8
TMR0H                             00000FD7
TMR0IE                            00000005
TMR0IF                            00000002
TMR0IP                            00000002
TMR0L                             00000FD6
TMR0ON                            00000007
TMR1CS                            00000001
TMR1H                             00000FCF
TMR1IE                            00000000
TMR1IF                            00000000
TMR1IP                            00000000
TMR1L                             00000FCE
TMR1ON                            00000000
TMR2                              00000FCC
TMR2IE                            00000001
TMR2IF                            00000001
TMR2IP                            00000001
TMR2ON                            00000002
TMR3CS                            00000001
TMR3H                             00000FB3
TMR3IE                            00000001
TMR3IF                            00000001
TMR3IP                            00000001
TMR3L                             00000FB2
TMR3ON                            00000000
TO                                00000003
TOS                               00000FFD
TOSH                              00000FFE
TOSL                              00000FFD
TOSU                              00000FFF
TOUTPS0                           00000003
TOUTPS1                           00000004
TOUTPS2                           00000005
TOUTPS3                           00000006
TRISA                             00000F92
TRISA0                            00000000
TRISA1                            00000001
TRISA2                            00000002
TRISA3                            00000003
TRISA4                            00000004
MPASM  5.42  /HOME/STEVEN/DROPBOX/CURRENT/ELE   3-12-2012  21:46:29         PAGE 25


SYMBOL TABLE
  LABEL                             VALUE 

TRISA5                            00000005
TRISA6                            00000006
TRISA7                            00000007
TRISB                             00000F93
TRISB0                            00000000
TRISB1                            00000001
TRISB2                            00000002
TRISB3                            00000003
TRISB4                            00000004
TRISB5                            00000005
TRISB6                            00000006
TRISB7                            00000007
TRISC                             00000F94
TRISC0                            00000000
TRISC1                            00000001
TRISC2                            00000002
TRISC3                            00000003
TRISC4                            00000004
TRISC5                            00000005
TRISC6                            00000006
TRISC7                            00000007
TRISD                             00000F95
TRISD0                            00000000
TRISD1                            00000001
TRISD2                            00000002
TRISD3                            00000003
TRISD4                            00000004
TRISD5                            00000005
TRISD6                            00000006
TRISD7                            00000007
TRISE                             00000F96
TRISE0                            00000000
TRISE1                            00000001
TRISE2                            00000002
TRMT                              00000001
TUN0                              00000000
TUN1                              00000001
TUN2                              00000002
TUN3                              00000003
TUN4                              00000004
TX                                00000006
TX9                               00000006
TX9D                              00000000
TXCKP                             00000004
TXEN                              00000005
TXIE                              00000004
TXIF                              00000004
TXIP                              00000004
TXREG                             00000FAD
TXSTA                             00000FAC
UA                                00000001
VCFG0                             00000004
VCFG1                             00000005
MPASM  5.42  /HOME/STEVEN/DROPBOX/CURRENT/ELE   3-12-2012  21:46:29         PAGE 26


SYMBOL TABLE
  LABEL                             VALUE 

VDIRMAG                           00000007
VPP                               00000003
VREFN                             00000002
VREFP                             00000003
W                                 00000000
WCOL                              00000007
WDTCON                            00000FD1
WR                                00000001
WREG                              00000FE8
WREN                              00000002
WRERR                             00000003
WUE                               00000001
Write                             00007FCE
Z                                 00000002
_BOREN_NOSLP_2L                   000000FD
_BOREN_OFF_2L                     000000F9
_BOREN_ON_2L                      000000FB
_BOREN_SBORDIS_2L                 000000FF
_BORV_0_2L                        000000E7
_BORV_1_2L                        000000EF
_BORV_2_2L                        000000F7
_BORV_3_2L                        000000FF
_CCP2MX_PORTBE_3H                 000000FE
_CCP2MX_PORTC_3H                  000000FF
_CONFIG1H                         00300001
_CONFIG2H                         00300003
_CONFIG2L                         00300002
_CONFIG3H                         00300005
_CONFIG4L                         00300006
_CONFIG5H                         00300009
_CONFIG5L                         00300008
_CONFIG6H                         0030000B
_CONFIG6L                         0030000A
_CONFIG7H                         0030000D
_CONFIG7L                         0030000C
_CP0_OFF_5L                       000000FF
_CP0_ON_5L                        000000FE
_CP1_OFF_5L                       000000FF
_CP1_ON_5L                        000000FD
_CP2_OFF_5L                       000000FF
_CP2_ON_5L                        000000FB
_CP3_OFF_5L                       000000FF
_CP3_ON_5L                        000000F7
_CPB_OFF_5H                       000000FF
_CPB_ON_5H                        000000BF
_CPD_OFF_5H                       000000FF
_CPD_ON_5H                        0000007F
_DEBUG_OFF_4L                     000000FF
_DEBUG_ON_4L                      0000007F
_DEVID1                           003FFFFE
_DEVID2                           003FFFFF
_EBTR0_OFF_7L                     000000FF
_EBTR0_ON_7L                      000000FE
MPASM  5.42  /HOME/STEVEN/DROPBOX/CURRENT/ELE   3-12-2012  21:46:29         PAGE 27


SYMBOL TABLE
  LABEL                             VALUE 

_EBTR1_OFF_7L                     000000FF
_EBTR1_ON_7L                      000000FD
_EBTR2_OFF_7L                     000000FF
_EBTR2_ON_7L                      000000FB
_EBTR3_OFF_7L                     000000FF
_EBTR3_ON_7L                      000000F7
_EBTRB_OFF_7H                     000000FF
_EBTRB_ON_7H                      000000BF
_FCMEN_OFF_1H                     000000BF
_FCMEN_ON_1H                      000000FF
_IDLOC0                           00200000
_IDLOC1                           00200001
_IDLOC2                           00200002
_IDLOC3                           00200003
_IDLOC4                           00200004
_IDLOC5                           00200005
_IDLOC6                           00200006
_IDLOC7                           00200007
_IESO_OFF_1H                      0000007F
_IESO_ON_1H                       000000FF
_LPT1OSC_OFF_3H                   000000FB
_LPT1OSC_ON_3H                    000000FF
_LVP_OFF_4L                       000000FB
_LVP_ON_4L                        000000FF
_MCLRE_OFF_3H                     0000007F
_MCLRE_ON_3H                      000000FF
_OSC_ECIO6_1H                     000000F5
_OSC_EC_1H                        000000F4
_OSC_HSPLL_1H                     000000F6
_OSC_HS_1H                        000000F2
_OSC_INTIO67_1H                   000000F8
_OSC_INTIO7_1H                    000000F9
_OSC_LP_1H                        000000F0
_OSC_RCIO6_1H                     000000F7
_OSC_RC_1H                        000000F3
_OSC_XT_1H                        000000F1
_PBADEN_OFF_3H                    000000FD
_PBADEN_ON_3H                     000000FF
_PWRT_OFF_2L                      000000FF
_PWRT_ON_2L                       000000FE
_STVREN_OFF_4L                    000000FE
_STVREN_ON_4L                     000000FF
_WDTPS_1024_2H                    000000F5
_WDTPS_128_2H                     000000EF
_WDTPS_16384_2H                   000000FD
_WDTPS_16_2H                      000000E9
_WDTPS_1_2H                       000000E1
_WDTPS_2048_2H                    000000F7
_WDTPS_256_2H                     000000F1
_WDTPS_2_2H                       000000E3
_WDTPS_32768_2H                   000000FF
_WDTPS_32_2H                      000000EB
_WDTPS_4096_2H                    000000F9
MPASM  5.42  /HOME/STEVEN/DROPBOX/CURRENT/ELE   3-12-2012  21:46:29         PAGE 28


SYMBOL TABLE
  LABEL                             VALUE 

_WDTPS_4_2H                       000000E5
_WDTPS_512_2H                     000000F3
_WDTPS_64_2H                      000000ED
_WDTPS_8192_2H                    000000FB
_WDTPS_8_2H                       000000E7
_WDT_OFF_2H                       000000FE
_WDT_ON_2H                        000000FF
_WRT0_OFF_6L                      000000FF
_WRT0_ON_6L                       000000FE
_WRT1_OFF_6L                      000000FF
_WRT1_ON_6L                       000000FD
_WRT2_OFF_6L                      000000FF
_WRT2_ON_6L                       000000FB
_WRT3_OFF_6L                      000000FF
_WRT3_ON_6L                       000000F7
_WRTB_OFF_6H                      000000FF
_WRTB_ON_6H                       000000BF
_WRTC_OFF_6H                      000000FF
_WRTC_ON_6H                       000000DF
_WRTD_OFF_6H                      000000FF
_WRTD_ON_6H                       0000007F
_XINST_OFF_4L                     000000BF
_XINST_ON_4L                      000000FF
__18F4520                         00000001
baud                              0001C200
baud_real                         0001C200
buffer                            0000000A
cnt1                              00000002
cnt2                              00000003
cnt3                              00000004
counter_hi                        00000005
counter_lo                        00000006
crc                               00000000
dummy4crc                         0000004A
eraseloop                         00007FA0
errpercent                        00000000
first_address                     max_flash-200
flag                              00000007
i                                 00000001
mainl                             00007F5E
max_flash                         0x8000
noconfig                          00007FA0
noeeprom                          00007F94
notrcv                            00007FF0
rcvoct                            00007F7C
rpt2                              00007FE2
rpt3                              00007FE4
rptc                              00007FE6
spbrg_value                       00000009
waitwre                           00007FC4
way_to_exit                       00007FFC
writebigloop                      00007FA6
writebyte                         00007FB2
MPASM  5.42  /HOME/STEVEN/DROPBOX/CURRENT/ELE   3-12-2012  21:46:29         PAGE 29


SYMBOL TABLE
  LABEL                             VALUE 

writesloop                        00007FAE
xtal                              01194000
ziieroare                         00007FC8

Errors   :     0
Warnings :     0 reported,     0 suppressed
Messages :     0 reported,     0 suppressed

